[error] Failed to fetch Firebase Project from Studio Workspace because WORKSPACE_SLUG environment variable is empty
[error] Failed to fetch Firebase Project from Studio Workspace because WORKSPACE_SLUG environment variable is empty
[error] Failed to fetch Firebase Project from Studio Workspace because WORKSPACE_SLUG environment variable is empty
[error] Failed to fetch Firebase Project from Studio Workspace because WORKSPACE_SLUG environment variable is empty
[debug] [2025-10-23T13:53:11.127Z] > command requires scopes: ["email","openid","https://www.googleapis.com/auth/cloudplatformprojects.readonly","https://www.googleapis.com/auth/firebase","https://www.googleapis.com/auth/cloud-platform","https://www.googleapis.com/auth/userinfo.email"]
[debug] [2025-10-23T13:53:11.128Z] > authorizing via signed-in user (sat.open.world@gmail.com)
[debug] [2025-10-23T13:53:11.144Z] Checked if tokens are valid: false, expires at: 1761218478817
[debug] [2025-10-23T13:53:11.145Z] Checked if tokens are valid: false, expires at: 1761218478817
[debug] [2025-10-23T13:53:11.146Z] > refreshing access token with scopes: []
[debug] [2025-10-23T13:53:11.150Z] >>> [apiv2][query] POST https://www.googleapis.com/oauth2/v3/token [none]
[debug] [2025-10-23T13:53:11.151Z] >>> [apiv2][body] POST https://www.googleapis.com/oauth2/v3/token [omitted]
[debug] [2025-10-23T13:53:11.264Z] Checked if tokens are valid: false, expires at: 1761218478817
[debug] [2025-10-23T13:53:11.264Z] Checked if tokens are valid: false, expires at: 1761218478817
[debug] [2025-10-23T13:53:11.265Z] > refreshing access token with scopes: []
[debug] [2025-10-23T13:53:11.267Z] >>> [apiv2][query] POST https://www.googleapis.com/oauth2/v3/token [none]
[debug] [2025-10-23T13:53:11.267Z] >>> [apiv2][body] POST https://www.googleapis.com/oauth2/v3/token [omitted]
[debug] [2025-10-23T13:53:11.292Z] Checked if tokens are valid: false, expires at: 1761218478817
[debug] [2025-10-23T13:53:11.293Z] Checked if tokens are valid: false, expires at: 1761218478817
[debug] [2025-10-23T13:53:11.293Z] > refreshing access token with scopes: []
[debug] [2025-10-23T13:53:11.294Z] >>> [apiv2][query] POST https://www.googleapis.com/oauth2/v3/token [none]
[debug] [2025-10-23T13:53:11.295Z] >>> [apiv2][body] POST https://www.googleapis.com/oauth2/v3/token [omitted]
[debug] [2025-10-23T13:53:11.309Z] Checked if tokens are valid: false, expires at: 1761218478817
[debug] [2025-10-23T13:53:11.310Z] Checked if tokens are valid: false, expires at: 1761218478817
[debug] [2025-10-23T13:53:11.310Z] > refreshing access token with scopes: []
[debug] [2025-10-23T13:53:11.310Z] >>> [apiv2][query] POST https://www.googleapis.com/oauth2/v3/token [none]
[debug] [2025-10-23T13:53:11.311Z] >>> [apiv2][body] POST https://www.googleapis.com/oauth2/v3/token [omitted]
[debug] [2025-10-23T13:53:11.313Z] > command requires scopes: ["email","openid","https://www.googleapis.com/auth/cloudplatformprojects.readonly","https://www.googleapis.com/auth/firebase","https://www.googleapis.com/auth/cloud-platform","https://www.googleapis.com/auth/userinfo.email"]
[debug] [2025-10-23T13:53:11.314Z] > authorizing via signed-in user (sat.open.world@gmail.com)
[debug] [2025-10-23T13:53:11.315Z] Checked if tokens are valid: false, expires at: 1761218478817
[debug] [2025-10-23T13:53:11.316Z] Checked if tokens are valid: false, expires at: 1761218478817
[debug] [2025-10-23T13:53:11.316Z] > refreshing access token with scopes: []
[debug] [2025-10-23T13:53:11.316Z] >>> [apiv2][query] POST https://www.googleapis.com/oauth2/v3/token [none]
[debug] [2025-10-23T13:53:11.317Z] >>> [apiv2][body] POST https://www.googleapis.com/oauth2/v3/token [omitted]
[debug] [2025-10-23T13:53:11.320Z] Checked if tokens are valid: false, expires at: 1761218478817
[debug] [2025-10-23T13:53:11.320Z] Checked if tokens are valid: false, expires at: 1761218478817
[debug] [2025-10-23T13:53:11.321Z] > refreshing access token with scopes: []
[debug] [2025-10-23T13:53:11.322Z] >>> [apiv2][query] POST https://www.googleapis.com/oauth2/v3/token [none]
[debug] [2025-10-23T13:53:11.322Z] >>> [apiv2][body] POST https://www.googleapis.com/oauth2/v3/token [omitted]
[debug] [2025-10-23T13:53:11.330Z] Checked if tokens are valid: false, expires at: 1761218478817
[debug] [2025-10-23T13:53:11.330Z] Checked if tokens are valid: false, expires at: 1761218478817
[debug] [2025-10-23T13:53:11.331Z] > refreshing access token with scopes: []
[debug] [2025-10-23T13:53:11.331Z] >>> [apiv2][query] POST https://www.googleapis.com/oauth2/v3/token [none]
[debug] [2025-10-23T13:53:11.331Z] >>> [apiv2][body] POST https://www.googleapis.com/oauth2/v3/token [omitted]
[debug] [2025-10-23T13:53:11.340Z] Checked if tokens are valid: false, expires at: 1761218478817
[debug] [2025-10-23T13:53:11.341Z] Checked if tokens are valid: false, expires at: 1761218478817
[debug] [2025-10-23T13:53:11.341Z] > refreshing access token with scopes: []
[debug] [2025-10-23T13:53:11.342Z] >>> [apiv2][query] POST https://www.googleapis.com/oauth2/v3/token [none]
[debug] [2025-10-23T13:53:11.342Z] >>> [apiv2][body] POST https://www.googleapis.com/oauth2/v3/token [omitted]
[debug] [2025-10-23T13:53:11.537Z] <<< [apiv2][status] POST https://www.googleapis.com/oauth2/v3/token 200
[debug] [2025-10-23T13:53:11.537Z] <<< [apiv2][body] POST https://www.googleapis.com/oauth2/v3/token [omitted]
[debug] [2025-10-23T13:53:11.572Z] >>> [apiv2][query] GET https://serviceusage.googleapis.com/v1/projects/bazarge-95f65/services/firebaseio.com [none]
[debug] [2025-10-23T13:53:11.573Z] >>> [apiv2][(partial)header] GET https://serviceusage.googleapis.com/v1/projects/bazarge-95f65/services/firebaseio.com x-goog-quota-user=projects/bazarge-95f65
[debug] [2025-10-23T13:53:11.613Z] <<< [apiv2][status] POST https://www.googleapis.com/oauth2/v3/token 200
[debug] [2025-10-23T13:53:11.616Z] <<< [apiv2][body] POST https://www.googleapis.com/oauth2/v3/token [omitted]
[debug] [2025-10-23T13:53:11.643Z] >>> [apiv2][query] GET https://serviceusage.googleapis.com/v1/projects/bazarge-95f65/services/firebasedataconnect.googleapis.com [none]
[debug] [2025-10-23T13:53:11.644Z] >>> [apiv2][(partial)header] GET https://serviceusage.googleapis.com/v1/projects/bazarge-95f65/services/firebasedataconnect.googleapis.com x-goog-quota-user=projects/bazarge-95f65
[debug] [2025-10-23T13:53:11.693Z] <<< [apiv2][status] POST https://www.googleapis.com/oauth2/v3/token 200
[debug] [2025-10-23T13:53:11.695Z] <<< [apiv2][body] POST https://www.googleapis.com/oauth2/v3/token [omitted]
[debug] [2025-10-23T13:53:11.715Z] >>> [apiv2][query] GET https://serviceusage.googleapis.com/v1/projects/bazarge-95f65/services/firebasedataconnect.googleapis.com [none]
[debug] [2025-10-23T13:53:11.716Z] >>> [apiv2][(partial)header] GET https://serviceusage.googleapis.com/v1/projects/bazarge-95f65/services/firebasedataconnect.googleapis.com x-goog-quota-user=projects/bazarge-95f65
[debug] [2025-10-23T13:53:11.832Z] <<< [apiv2][status] POST https://www.googleapis.com/oauth2/v3/token 200
[debug] [2025-10-23T13:53:11.834Z] <<< [apiv2][body] POST https://www.googleapis.com/oauth2/v3/token [omitted]
[debug] [2025-10-23T13:53:11.859Z] >>> [apiv2][query] GET https://serviceusage.googleapis.com/v1/projects/bazarge-95f65/services/firebaseapphosting.googleapis.com [none]
[debug] [2025-10-23T13:53:11.862Z] >>> [apiv2][(partial)header] GET https://serviceusage.googleapis.com/v1/projects/bazarge-95f65/services/firebaseapphosting.googleapis.com x-goog-quota-user=projects/bazarge-95f65
[debug] [2025-10-23T13:53:11.915Z] <<< [apiv2][status] POST https://www.googleapis.com/oauth2/v3/token 200
[debug] [2025-10-23T13:53:11.915Z] <<< [apiv2][body] POST https://www.googleapis.com/oauth2/v3/token [omitted]
[debug] [2025-10-23T13:53:11.945Z] >>> [apiv2][query] GET https://serviceusage.googleapis.com/v1/projects/bazarge-95f65/services/firebaseapphosting.googleapis.com [none]
[debug] [2025-10-23T13:53:11.945Z] >>> [apiv2][(partial)header] GET https://serviceusage.googleapis.com/v1/projects/bazarge-95f65/services/firebaseapphosting.googleapis.com x-goog-quota-user=projects/bazarge-95f65
[debug] [2025-10-23T13:53:11.953Z] <<< [apiv2][status] POST https://www.googleapis.com/oauth2/v3/token 200
[debug] [2025-10-23T13:53:11.953Z] <<< [apiv2][body] POST https://www.googleapis.com/oauth2/v3/token [omitted]
[debug] [2025-10-23T13:53:11.971Z] >>> [apiv2][query] GET https://serviceusage.googleapis.com/v1/projects/bazarge-95f65/services/cloudfunctions.googleapis.com [none]
[debug] [2025-10-23T13:53:11.971Z] >>> [apiv2][(partial)header] GET https://serviceusage.googleapis.com/v1/projects/bazarge-95f65/services/cloudfunctions.googleapis.com x-goog-quota-user=projects/bazarge-95f65
[debug] [2025-10-23T13:53:11.975Z] <<< [apiv2][status] POST https://www.googleapis.com/oauth2/v3/token 200
[debug] [2025-10-23T13:53:11.975Z] <<< [apiv2][body] POST https://www.googleapis.com/oauth2/v3/token [omitted]
[debug] [2025-10-23T13:53:11.998Z] >>> [apiv2][query] GET https://serviceusage.googleapis.com/v1/projects/bazarge-95f65/services/firebaseio.com [none]
[debug] [2025-10-23T13:53:11.998Z] >>> [apiv2][(partial)header] GET https://serviceusage.googleapis.com/v1/projects/bazarge-95f65/services/firebaseio.com x-goog-quota-user=projects/bazarge-95f65
[debug] [2025-10-23T13:53:12.043Z] <<< [apiv2][status] POST https://www.googleapis.com/oauth2/v3/token 200
[debug] [2025-10-23T13:53:12.047Z] <<< [apiv2][body] POST https://www.googleapis.com/oauth2/v3/token [omitted]
[debug] [2025-10-23T13:53:12.069Z] >>> [apiv2][query] GET https://serviceusage.googleapis.com/v1/projects/bazarge-95f65/services/cloudfunctions.googleapis.com [none]
[debug] [2025-10-23T13:53:12.069Z] >>> [apiv2][(partial)header] GET https://serviceusage.googleapis.com/v1/projects/bazarge-95f65/services/cloudfunctions.googleapis.com x-goog-quota-user=projects/bazarge-95f65
[debug] [2025-10-23T13:53:12.314Z] <<< [apiv2][status] GET https://serviceusage.googleapis.com/v1/projects/bazarge-95f65/services/firebaseio.com 403
[debug] [2025-10-23T13:53:12.314Z] <<< [apiv2][body] GET https://serviceusage.googleapis.com/v1/projects/bazarge-95f65/services/firebaseio.com [omitted]
[debug] [2025-10-23T13:53:12.512Z] <<< [apiv2][status] GET https://serviceusage.googleapis.com/v1/projects/bazarge-95f65/services/firebasedataconnect.googleapis.com 200
[debug] [2025-10-23T13:53:12.513Z] <<< [apiv2][body] GET https://serviceusage.googleapis.com/v1/projects/bazarge-95f65/services/firebasedataconnect.googleapis.com [omitted]
[debug] [2025-10-23T13:53:12.545Z] <<< [apiv2][status] GET https://serviceusage.googleapis.com/v1/projects/bazarge-95f65/services/firebasedataconnect.googleapis.com 200
[debug] [2025-10-23T13:53:12.547Z] <<< [apiv2][body] GET https://serviceusage.googleapis.com/v1/projects/bazarge-95f65/services/firebasedataconnect.googleapis.com [omitted]
[debug] [2025-10-23T13:53:12.777Z] <<< [apiv2][status] GET https://serviceusage.googleapis.com/v1/projects/bazarge-95f65/services/firebaseio.com 403
[debug] [2025-10-23T13:53:12.778Z] <<< [apiv2][body] GET https://serviceusage.googleapis.com/v1/projects/bazarge-95f65/services/firebaseio.com [omitted]
[debug] [2025-10-23T13:53:12.823Z] <<< [apiv2][status] GET https://serviceusage.googleapis.com/v1/projects/bazarge-95f65/services/firebaseapphosting.googleapis.com 200
[debug] [2025-10-23T13:53:12.823Z] <<< [apiv2][body] GET https://serviceusage.googleapis.com/v1/projects/bazarge-95f65/services/firebaseapphosting.googleapis.com [omitted]
[debug] [2025-10-23T13:53:12.857Z] <<< [apiv2][status] GET https://serviceusage.googleapis.com/v1/projects/bazarge-95f65/services/firebaseapphosting.googleapis.com 200
[debug] [2025-10-23T13:53:12.862Z] <<< [apiv2][body] GET https://serviceusage.googleapis.com/v1/projects/bazarge-95f65/services/firebaseapphosting.googleapis.com [omitted]
[debug] [2025-10-23T13:53:12.887Z] <<< [apiv2][status] GET https://serviceusage.googleapis.com/v1/projects/bazarge-95f65/services/cloudfunctions.googleapis.com 200
[debug] [2025-10-23T13:53:12.887Z] <<< [apiv2][body] GET https://serviceusage.googleapis.com/v1/projects/bazarge-95f65/services/cloudfunctions.googleapis.com [omitted]
[debug] [2025-10-23T13:53:12.931Z] <<< [apiv2][status] GET https://serviceusage.googleapis.com/v1/projects/bazarge-95f65/services/cloudfunctions.googleapis.com 200
[debug] [2025-10-23T13:53:12.934Z] <<< [apiv2][body] GET https://serviceusage.googleapis.com/v1/projects/bazarge-95f65/services/cloudfunctions.googleapis.com [omitted]
[error] Failed to fetch Firebase Project from Studio Workspace because WORKSPACE_SLUG environment variable is empty
[error] Failed to fetch Firebase Project from Studio Workspace because WORKSPACE_SLUG environment variable is empty
[error] Failed to fetch Firebase Project from Studio Workspace because WORKSPACE_SLUG environment variable is empty
[debug] [2025-10-23T13:53:12.952Z] > command requires scopes: ["email","openid","https://www.googleapis.com/auth/cloudplatformprojects.readonly","https://www.googleapis.com/auth/firebase","https://www.googleapis.com/auth/cloud-platform","https://www.googleapis.com/auth/userinfo.email"]
[debug] [2025-10-23T13:53:12.952Z] > authorizing via signed-in user (sat.open.world@gmail.com)
[error] Failed to fetch Firebase Project from Studio Workspace because WORKSPACE_SLUG environment variable is empty
[debug] [2025-10-23T13:53:12.956Z] > command requires scopes: ["email","openid","https://www.googleapis.com/auth/cloudplatformprojects.readonly","https://www.googleapis.com/auth/firebase","https://www.googleapis.com/auth/cloud-platform","https://www.googleapis.com/auth/userinfo.email"]
[debug] [2025-10-23T13:53:12.956Z] > authorizing via signed-in user (sat.open.world@gmail.com)
[error] Failed to fetch Firebase Project from Studio Workspace because WORKSPACE_SLUG environment variable is empty
[error] Failed to fetch Firebase Project from Studio Workspace because WORKSPACE_SLUG environment variable is empty
[error] Failed to fetch Firebase Project from Studio Workspace because WORKSPACE_SLUG environment variable is empty
[debug] [2025-10-23T13:53:12.997Z] > command requires scopes: ["email","openid","https://www.googleapis.com/auth/cloudplatformprojects.readonly","https://www.googleapis.com/auth/firebase","https://www.googleapis.com/auth/cloud-platform","https://www.googleapis.com/auth/userinfo.email"]
[debug] [2025-10-23T13:53:12.998Z] > authorizing via signed-in user (sat.open.world@gmail.com)
[error] Failed to fetch Firebase Project from Studio Workspace because WORKSPACE_SLUG environment variable is empty
[debug] [2025-10-23T13:53:13.002Z] > command requires scopes: ["email","openid","https://www.googleapis.com/auth/cloudplatformprojects.readonly","https://www.googleapis.com/auth/firebase","https://www.googleapis.com/auth/cloud-platform","https://www.googleapis.com/auth/userinfo.email"]
[debug] [2025-10-23T13:53:13.002Z] > authorizing via signed-in user (sat.open.world@gmail.com)
[error] Failed to fetch Firebase Project from Studio Workspace because WORKSPACE_SLUG environment variable is empty
[error] Failed to fetch Firebase Project from Studio Workspace because WORKSPACE_SLUG environment variable is empty
[error] Failed to fetch Firebase Project from Studio Workspace because WORKSPACE_SLUG environment variable is empty
[debug] [2025-10-23T13:53:13.014Z] > command requires scopes: ["email","openid","https://www.googleapis.com/auth/cloudplatformprojects.readonly","https://www.googleapis.com/auth/firebase","https://www.googleapis.com/auth/cloud-platform","https://www.googleapis.com/auth/userinfo.email"]
[debug] [2025-10-23T13:53:13.014Z] > authorizing via signed-in user (sat.open.world@gmail.com)
[error] Failed to fetch Firebase Project from Studio Workspace because WORKSPACE_SLUG environment variable is empty
[debug] [2025-10-23T13:53:13.017Z] > command requires scopes: ["email","openid","https://www.googleapis.com/auth/cloudplatformprojects.readonly","https://www.googleapis.com/auth/firebase","https://www.googleapis.com/auth/cloud-platform","https://www.googleapis.com/auth/userinfo.email"]
[debug] [2025-10-23T13:53:13.017Z] > authorizing via signed-in user (sat.open.world@gmail.com)
[error] Failed to fetch Firebase Project from Studio Workspace because WORKSPACE_SLUG environment variable is empty
[error] Failed to fetch Firebase Project from Studio Workspace because WORKSPACE_SLUG environment variable is empty
[error] Failed to fetch Firebase Project from Studio Workspace because WORKSPACE_SLUG environment variable is empty
[error] Failed to fetch Firebase Project from Studio Workspace because WORKSPACE_SLUG environment variable is empty
[debug] [2025-10-24T06:15:16.220Z] > command requires scopes: ["email","openid","https://www.googleapis.com/auth/cloudplatformprojects.readonly","https://www.googleapis.com/auth/firebase","https://www.googleapis.com/auth/cloud-platform","https://www.googleapis.com/auth/userinfo.email"]
[debug] [2025-10-24T06:15:16.222Z] > authorizing via signed-in user (sat.open.world@gmail.com)
[debug] [2025-10-24T06:15:16.234Z] Checked if tokens are valid: false, expires at: 1761231191047
[debug] [2025-10-24T06:15:16.235Z] Checked if tokens are valid: false, expires at: 1761231191047
[debug] [2025-10-24T06:15:16.236Z] > refreshing access token with scopes: []
[debug] [2025-10-24T06:15:16.241Z] >>> [apiv2][query] POST https://www.googleapis.com/oauth2/v3/token [none]
[debug] [2025-10-24T06:15:16.242Z] >>> [apiv2][body] POST https://www.googleapis.com/oauth2/v3/token [omitted]
[debug] [2025-10-24T06:15:16.301Z] Checked if tokens are valid: false, expires at: 1761231191047
[debug] [2025-10-24T06:15:16.301Z] Checked if tokens are valid: false, expires at: 1761231191047
[debug] [2025-10-24T06:15:16.301Z] > refreshing access token with scopes: []
[debug] [2025-10-24T06:15:16.302Z] >>> [apiv2][query] POST https://www.googleapis.com/oauth2/v3/token [none]
[debug] [2025-10-24T06:15:16.302Z] >>> [apiv2][body] POST https://www.googleapis.com/oauth2/v3/token [omitted]
[debug] [2025-10-24T06:15:16.315Z] Checked if tokens are valid: false, expires at: 1761231191047
[debug] [2025-10-24T06:15:16.316Z] Checked if tokens are valid: false, expires at: 1761231191047
[debug] [2025-10-24T06:15:16.316Z] > refreshing access token with scopes: []
[debug] [2025-10-24T06:15:16.318Z] >>> [apiv2][query] POST https://www.googleapis.com/oauth2/v3/token [none]
[debug] [2025-10-24T06:15:16.319Z] >>> [apiv2][body] POST https://www.googleapis.com/oauth2/v3/token [omitted]
[debug] [2025-10-24T06:15:16.322Z] Checked if tokens are valid: false, expires at: 1761231191047
[debug] [2025-10-24T06:15:16.322Z] Checked if tokens are valid: false, expires at: 1761231191047
[debug] [2025-10-24T06:15:16.322Z] > refreshing access token with scopes: []
[debug] [2025-10-24T06:15:16.323Z] >>> [apiv2][query] POST https://www.googleapis.com/oauth2/v3/token [none]
[debug] [2025-10-24T06:15:16.324Z] >>> [apiv2][body] POST https://www.googleapis.com/oauth2/v3/token [omitted]
[debug] [2025-10-24T06:15:16.326Z] > command requires scopes: ["email","openid","https://www.googleapis.com/auth/cloudplatformprojects.readonly","https://www.googleapis.com/auth/firebase","https://www.googleapis.com/auth/cloud-platform","https://www.googleapis.com/auth/userinfo.email"]
[debug] [2025-10-24T06:15:16.327Z] > authorizing via signed-in user (sat.open.world@gmail.com)
[debug] [2025-10-24T06:15:16.328Z] Checked if tokens are valid: false, expires at: 1761231191047
[debug] [2025-10-24T06:15:16.328Z] Checked if tokens are valid: false, expires at: 1761231191047
[debug] [2025-10-24T06:15:16.328Z] > refreshing access token with scopes: []
[debug] [2025-10-24T06:15:16.328Z] >>> [apiv2][query] POST https://www.googleapis.com/oauth2/v3/token [none]
[debug] [2025-10-24T06:15:16.328Z] >>> [apiv2][body] POST https://www.googleapis.com/oauth2/v3/token [omitted]
[debug] [2025-10-24T06:15:16.330Z] Checked if tokens are valid: false, expires at: 1761231191047
[debug] [2025-10-24T06:15:16.330Z] Checked if tokens are valid: false, expires at: 1761231191047
[debug] [2025-10-24T06:15:16.330Z] > refreshing access token with scopes: []
[debug] [2025-10-24T06:15:16.331Z] >>> [apiv2][query] POST https://www.googleapis.com/oauth2/v3/token [none]
[debug] [2025-10-24T06:15:16.331Z] >>> [apiv2][body] POST https://www.googleapis.com/oauth2/v3/token [omitted]
[debug] [2025-10-24T06:15:16.335Z] Checked if tokens are valid: false, expires at: 1761231191047
[debug] [2025-10-24T06:15:16.335Z] Checked if tokens are valid: false, expires at: 1761231191047
[debug] [2025-10-24T06:15:16.335Z] > refreshing access token with scopes: []
[debug] [2025-10-24T06:15:16.335Z] >>> [apiv2][query] POST https://www.googleapis.com/oauth2/v3/token [none]
[debug] [2025-10-24T06:15:16.335Z] >>> [apiv2][body] POST https://www.googleapis.com/oauth2/v3/token [omitted]
[debug] [2025-10-24T06:15:16.339Z] Checked if tokens are valid: false, expires at: 1761231191047
[debug] [2025-10-24T06:15:16.340Z] Checked if tokens are valid: false, expires at: 1761231191047
[debug] [2025-10-24T06:15:16.340Z] > refreshing access token with scopes: []
[debug] [2025-10-24T06:15:16.340Z] >>> [apiv2][query] POST https://www.googleapis.com/oauth2/v3/token [none]
[debug] [2025-10-24T06:15:16.341Z] >>> [apiv2][body] POST https://www.googleapis.com/oauth2/v3/token [omitted]
[debug] [2025-10-24T06:15:16.476Z] <<< [apiv2][status] POST https://www.googleapis.com/oauth2/v3/token 200
[debug] [2025-10-24T06:15:16.477Z] <<< [apiv2][body] POST https://www.googleapis.com/oauth2/v3/token [omitted]
[debug] [2025-10-24T06:15:16.500Z] >>> [apiv2][query] GET https://serviceusage.googleapis.com/v1/projects/bazarge-95f65/services/firebasedataconnect.googleapis.com [none]
[debug] [2025-10-24T06:15:16.500Z] >>> [apiv2][(partial)header] GET https://serviceusage.googleapis.com/v1/projects/bazarge-95f65/services/firebasedataconnect.googleapis.com x-goog-quota-user=projects/bazarge-95f65
[debug] [2025-10-24T06:15:16.514Z] <<< [apiv2][status] POST https://www.googleapis.com/oauth2/v3/token 200
[debug] [2025-10-24T06:15:16.515Z] <<< [apiv2][body] POST https://www.googleapis.com/oauth2/v3/token [omitted]
[debug] [2025-10-24T06:15:16.532Z] >>> [apiv2][query] GET https://serviceusage.googleapis.com/v1/projects/bazarge-95f65/services/cloudfunctions.googleapis.com [none]
[debug] [2025-10-24T06:15:16.532Z] >>> [apiv2][(partial)header] GET https://serviceusage.googleapis.com/v1/projects/bazarge-95f65/services/cloudfunctions.googleapis.com x-goog-quota-user=projects/bazarge-95f65
[debug] [2025-10-24T06:15:16.545Z] <<< [apiv2][status] POST https://www.googleapis.com/oauth2/v3/token 200
[debug] [2025-10-24T06:15:16.545Z] <<< [apiv2][body] POST https://www.googleapis.com/oauth2/v3/token [omitted]
[debug] [2025-10-24T06:15:16.561Z] >>> [apiv2][query] GET https://serviceusage.googleapis.com/v1/projects/bazarge-95f65/services/firebaseapphosting.googleapis.com [none]
[debug] [2025-10-24T06:15:16.561Z] >>> [apiv2][(partial)header] GET https://serviceusage.googleapis.com/v1/projects/bazarge-95f65/services/firebaseapphosting.googleapis.com x-goog-quota-user=projects/bazarge-95f65
[debug] [2025-10-24T06:15:16.580Z] <<< [apiv2][status] POST https://www.googleapis.com/oauth2/v3/token 200
[debug] [2025-10-24T06:15:16.580Z] <<< [apiv2][body] POST https://www.googleapis.com/oauth2/v3/token [omitted]
[debug] [2025-10-24T06:15:16.599Z] >>> [apiv2][query] GET https://serviceusage.googleapis.com/v1/projects/bazarge-95f65/services/firebasedataconnect.googleapis.com [none]
[debug] [2025-10-24T06:15:16.599Z] >>> [apiv2][(partial)header] GET https://serviceusage.googleapis.com/v1/projects/bazarge-95f65/services/firebasedataconnect.googleapis.com x-goog-quota-user=projects/bazarge-95f65
[debug] [2025-10-24T06:15:16.627Z] <<< [apiv2][status] POST https://www.googleapis.com/oauth2/v3/token 200
[debug] [2025-10-24T06:15:16.627Z] <<< [apiv2][body] POST https://www.googleapis.com/oauth2/v3/token [omitted]
[debug] [2025-10-24T06:15:16.645Z] >>> [apiv2][query] GET https://serviceusage.googleapis.com/v1/projects/bazarge-95f65/services/firebaseapphosting.googleapis.com [none]
[debug] [2025-10-24T06:15:16.646Z] >>> [apiv2][(partial)header] GET https://serviceusage.googleapis.com/v1/projects/bazarge-95f65/services/firebaseapphosting.googleapis.com x-goog-quota-user=projects/bazarge-95f65
[debug] [2025-10-24T06:15:16.648Z] <<< [apiv2][status] POST https://www.googleapis.com/oauth2/v3/token 200
[debug] [2025-10-24T06:15:16.649Z] <<< [apiv2][body] POST https://www.googleapis.com/oauth2/v3/token [omitted]
[debug] [2025-10-24T06:15:16.661Z] >>> [apiv2][query] GET https://serviceusage.googleapis.com/v1/projects/bazarge-95f65/services/cloudfunctions.googleapis.com [none]
[debug] [2025-10-24T06:15:16.662Z] >>> [apiv2][(partial)header] GET https://serviceusage.googleapis.com/v1/projects/bazarge-95f65/services/cloudfunctions.googleapis.com x-goog-quota-user=projects/bazarge-95f65
[debug] [2025-10-24T06:15:16.688Z] <<< [apiv2][status] POST https://www.googleapis.com/oauth2/v3/token 200
[debug] [2025-10-24T06:15:16.689Z] <<< [apiv2][body] POST https://www.googleapis.com/oauth2/v3/token [omitted]
[debug] [2025-10-24T06:15:16.708Z] >>> [apiv2][query] GET https://serviceusage.googleapis.com/v1/projects/bazarge-95f65/services/firebaseio.com [none]
[debug] [2025-10-24T06:15:16.708Z] >>> [apiv2][(partial)header] GET https://serviceusage.googleapis.com/v1/projects/bazarge-95f65/services/firebaseio.com x-goog-quota-user=projects/bazarge-95f65
[debug] [2025-10-24T06:15:16.710Z] <<< [apiv2][status] POST https://www.googleapis.com/oauth2/v3/token 200
[debug] [2025-10-24T06:15:16.710Z] <<< [apiv2][body] POST https://www.googleapis.com/oauth2/v3/token [omitted]
[debug] [2025-10-24T06:15:16.723Z] >>> [apiv2][query] GET https://serviceusage.googleapis.com/v1/projects/bazarge-95f65/services/firebaseio.com [none]
[debug] [2025-10-24T06:15:16.723Z] >>> [apiv2][(partial)header] GET https://serviceusage.googleapis.com/v1/projects/bazarge-95f65/services/firebaseio.com x-goog-quota-user=projects/bazarge-95f65
[debug] [2025-10-24T06:15:17.370Z] <<< [apiv2][status] GET https://serviceusage.googleapis.com/v1/projects/bazarge-95f65/services/firebasedataconnect.googleapis.com 200
[debug] [2025-10-24T06:15:17.370Z] <<< [apiv2][body] GET https://serviceusage.googleapis.com/v1/projects/bazarge-95f65/services/firebasedataconnect.googleapis.com [omitted]
[debug] [2025-10-24T06:15:17.414Z] <<< [apiv2][status] GET https://serviceusage.googleapis.com/v1/projects/bazarge-95f65/services/firebaseio.com 403
[debug] [2025-10-24T06:15:17.415Z] <<< [apiv2][body] GET https://serviceusage.googleapis.com/v1/projects/bazarge-95f65/services/firebaseio.com [omitted]
[debug] [2025-10-24T06:15:17.427Z] <<< [apiv2][status] GET https://serviceusage.googleapis.com/v1/projects/bazarge-95f65/services/firebaseio.com 403
[debug] [2025-10-24T06:15:17.428Z] <<< [apiv2][body] GET https://serviceusage.googleapis.com/v1/projects/bazarge-95f65/services/firebaseio.com [omitted]
[debug] [2025-10-24T06:15:17.442Z] <<< [apiv2][status] GET https://serviceusage.googleapis.com/v1/projects/bazarge-95f65/services/firebaseapphosting.googleapis.com 200
[debug] [2025-10-24T06:15:17.442Z] <<< [apiv2][body] GET https://serviceusage.googleapis.com/v1/projects/bazarge-95f65/services/firebaseapphosting.googleapis.com [omitted]
[debug] [2025-10-24T06:15:17.446Z] <<< [apiv2][status] GET https://serviceusage.googleapis.com/v1/projects/bazarge-95f65/services/cloudfunctions.googleapis.com 200
[debug] [2025-10-24T06:15:17.447Z] <<< [apiv2][body] GET https://serviceusage.googleapis.com/v1/projects/bazarge-95f65/services/cloudfunctions.googleapis.com [omitted]
[debug] [2025-10-24T06:15:17.481Z] <<< [apiv2][status] GET https://serviceusage.googleapis.com/v1/projects/bazarge-95f65/services/firebasedataconnect.googleapis.com 200
[debug] [2025-10-24T06:15:17.481Z] <<< [apiv2][body] GET https://serviceusage.googleapis.com/v1/projects/bazarge-95f65/services/firebasedataconnect.googleapis.com [omitted]
[error] Failed to fetch Firebase Project from Studio Workspace because WORKSPACE_SLUG environment variable is empty
[error] Failed to fetch Firebase Project from Studio Workspace because WORKSPACE_SLUG environment variable is empty
[error] Failed to fetch Firebase Project from Studio Workspace because WORKSPACE_SLUG environment variable is empty
[debug] [2025-10-24T06:15:17.491Z] > command requires scopes: ["email","openid","https://www.googleapis.com/auth/cloudplatformprojects.readonly","https://www.googleapis.com/auth/firebase","https://www.googleapis.com/auth/cloud-platform","https://www.googleapis.com/auth/userinfo.email"]
[debug] [2025-10-24T06:15:17.491Z] > authorizing via signed-in user (sat.open.world@gmail.com)
[error] Failed to fetch Firebase Project from Studio Workspace because WORKSPACE_SLUG environment variable is empty
[debug] [2025-10-24T06:15:17.495Z] > command requires scopes: ["email","openid","https://www.googleapis.com/auth/cloudplatformprojects.readonly","https://www.googleapis.com/auth/firebase","https://www.googleapis.com/auth/cloud-platform","https://www.googleapis.com/auth/userinfo.email"]
[debug] [2025-10-24T06:15:17.495Z] > authorizing via signed-in user (sat.open.world@gmail.com)
[debug] [2025-10-24T06:15:17.514Z] <<< [apiv2][status] GET https://serviceusage.googleapis.com/v1/projects/bazarge-95f65/services/firebaseapphosting.googleapis.com 200
[debug] [2025-10-24T06:15:17.514Z] <<< [apiv2][body] GET https://serviceusage.googleapis.com/v1/projects/bazarge-95f65/services/firebaseapphosting.googleapis.com [omitted]
[debug] [2025-10-24T06:15:17.516Z] <<< [apiv2][status] GET https://serviceusage.googleapis.com/v1/projects/bazarge-95f65/services/cloudfunctions.googleapis.com 200
[debug] [2025-10-24T06:15:17.517Z] <<< [apiv2][body] GET https://serviceusage.googleapis.com/v1/projects/bazarge-95f65/services/cloudfunctions.googleapis.com [omitted]
[error] Failed to fetch Firebase Project from Studio Workspace because WORKSPACE_SLUG environment variable is empty
[error] Failed to fetch Firebase Project from Studio Workspace because WORKSPACE_SLUG environment variable is empty
[error] Failed to fetch Firebase Project from Studio Workspace because WORKSPACE_SLUG environment variable is empty
[error] Failed to fetch Firebase Project from Studio Workspace because WORKSPACE_SLUG environment variable is empty
[debug] [2025-10-24T06:18:00.657Z] > command requires scopes: ["email","openid","https://www.googleapis.com/auth/cloudplatformprojects.readonly","https://www.googleapis.com/auth/firebase","https://www.googleapis.com/auth/cloud-platform","https://www.googleapis.com/auth/userinfo.email"]
[debug] [2025-10-24T06:18:00.659Z] > authorizing via signed-in user (sat.open.world@gmail.com)
[debug] [2025-10-24T06:18:00.671Z] Checked if tokens are valid: true, expires at: 1761290115710
[debug] [2025-10-24T06:18:00.672Z] Checked if tokens are valid: true, expires at: 1761290115710
[debug] [2025-10-24T06:18:00.673Z] Checked if tokens are valid: true, expires at: 1761290115710
[debug] [2025-10-24T06:18:00.673Z] Checked if tokens are valid: true, expires at: 1761290115710
[debug] [2025-10-24T06:18:00.694Z] Checked if tokens are valid: true, expires at: 1761290115710
[debug] [2025-10-24T06:18:00.696Z] Checked if tokens are valid: true, expires at: 1761290115710
[debug] [2025-10-24T06:18:00.697Z] Checked if tokens are valid: true, expires at: 1761290115710
[debug] [2025-10-24T06:18:00.697Z] Checked if tokens are valid: true, expires at: 1761290115710
[debug] [2025-10-24T06:18:00.699Z] > command requires scopes: ["email","openid","https://www.googleapis.com/auth/cloudplatformprojects.readonly","https://www.googleapis.com/auth/firebase","https://www.googleapis.com/auth/cloud-platform","https://www.googleapis.com/auth/userinfo.email"]
[debug] [2025-10-24T06:18:00.699Z] > authorizing via signed-in user (sat.open.world@gmail.com)
[debug] [2025-10-24T06:18:00.702Z] >>> [apiv2][query] GET https://serviceusage.googleapis.com/v1/projects/bazarge-95f65/services/firebasedataconnect.googleapis.com [none]
[debug] [2025-10-24T06:18:00.703Z] >>> [apiv2][(partial)header] GET https://serviceusage.googleapis.com/v1/projects/bazarge-95f65/services/firebasedataconnect.googleapis.com x-goog-quota-user=projects/bazarge-95f65
[debug] [2025-10-24T06:18:00.843Z] >>> [apiv2][query] GET https://serviceusage.googleapis.com/v1/projects/bazarge-95f65/services/cloudfunctions.googleapis.com [none]
[debug] [2025-10-24T06:18:00.844Z] >>> [apiv2][(partial)header] GET https://serviceusage.googleapis.com/v1/projects/bazarge-95f65/services/cloudfunctions.googleapis.com x-goog-quota-user=projects/bazarge-95f65
[debug] [2025-10-24T06:18:00.851Z] >>> [apiv2][query] GET https://serviceusage.googleapis.com/v1/projects/bazarge-95f65/services/firebaseapphosting.googleapis.com [none]
[debug] [2025-10-24T06:18:00.852Z] >>> [apiv2][(partial)header] GET https://serviceusage.googleapis.com/v1/projects/bazarge-95f65/services/firebaseapphosting.googleapis.com x-goog-quota-user=projects/bazarge-95f65
[debug] [2025-10-24T06:18:00.863Z] >>> [apiv2][query] GET https://serviceusage.googleapis.com/v1/projects/bazarge-95f65/services/firebaseio.com [none]
[debug] [2025-10-24T06:18:00.866Z] >>> [apiv2][(partial)header] GET https://serviceusage.googleapis.com/v1/projects/bazarge-95f65/services/firebaseio.com x-goog-quota-user=projects/bazarge-95f65
[debug] [2025-10-24T06:18:00.879Z] Checked if tokens are valid: true, expires at: 1761290115710
[debug] [2025-10-24T06:18:00.880Z] Checked if tokens are valid: true, expires at: 1761290115710
[debug] [2025-10-24T06:18:00.881Z] Checked if tokens are valid: true, expires at: 1761290115710
[debug] [2025-10-24T06:18:00.881Z] Checked if tokens are valid: true, expires at: 1761290115710
[debug] [2025-10-24T06:18:00.887Z] Checked if tokens are valid: true, expires at: 1761290115710
[debug] [2025-10-24T06:18:00.889Z] Checked if tokens are valid: true, expires at: 1761290115710
[debug] [2025-10-24T06:18:00.890Z] Checked if tokens are valid: true, expires at: 1761290115710
[debug] [2025-10-24T06:18:00.891Z] Checked if tokens are valid: true, expires at: 1761290115710
[debug] [2025-10-24T06:18:00.891Z] >>> [apiv2][query] GET https://serviceusage.googleapis.com/v1/projects/bazarge-95f65/services/firebasedataconnect.googleapis.com [none]
[debug] [2025-10-24T06:18:00.891Z] >>> [apiv2][(partial)header] GET https://serviceusage.googleapis.com/v1/projects/bazarge-95f65/services/firebasedataconnect.googleapis.com x-goog-quota-user=projects/bazarge-95f65
[debug] [2025-10-24T06:18:00.896Z] >>> [apiv2][query] GET https://serviceusage.googleapis.com/v1/projects/bazarge-95f65/services/cloudfunctions.googleapis.com [none]
[debug] [2025-10-24T06:18:00.896Z] >>> [apiv2][(partial)header] GET https://serviceusage.googleapis.com/v1/projects/bazarge-95f65/services/cloudfunctions.googleapis.com x-goog-quota-user=projects/bazarge-95f65
[debug] [2025-10-24T06:18:00.900Z] >>> [apiv2][query] GET https://serviceusage.googleapis.com/v1/projects/bazarge-95f65/services/firebaseapphosting.googleapis.com [none]
[debug] [2025-10-24T06:18:00.900Z] >>> [apiv2][(partial)header] GET https://serviceusage.googleapis.com/v1/projects/bazarge-95f65/services/firebaseapphosting.googleapis.com x-goog-quota-user=projects/bazarge-95f65
[debug] [2025-10-24T06:18:00.904Z] >>> [apiv2][query] GET https://serviceusage.googleapis.com/v1/projects/bazarge-95f65/services/firebaseio.com [none]
[debug] [2025-10-24T06:18:00.905Z] >>> [apiv2][(partial)header] GET https://serviceusage.googleapis.com/v1/projects/bazarge-95f65/services/firebaseio.com x-goog-quota-user=projects/bazarge-95f65
[debug] [2025-10-24T06:18:01.713Z] <<< [apiv2][status] GET https://serviceusage.googleapis.com/v1/projects/bazarge-95f65/services/firebaseio.com 403
[debug] [2025-10-24T06:18:01.713Z] <<< [apiv2][body] GET https://serviceusage.googleapis.com/v1/projects/bazarge-95f65/services/firebaseio.com [omitted]
[debug] [2025-10-24T06:18:01.768Z] <<< [apiv2][status] GET https://serviceusage.googleapis.com/v1/projects/bazarge-95f65/services/firebaseio.com 403
[debug] [2025-10-24T06:18:01.768Z] <<< [apiv2][body] GET https://serviceusage.googleapis.com/v1/projects/bazarge-95f65/services/firebaseio.com [omitted]
[debug] [2025-10-24T06:18:01.794Z] <<< [apiv2][status] GET https://serviceusage.googleapis.com/v1/projects/bazarge-95f65/services/firebaseapphosting.googleapis.com 200
[debug] [2025-10-24T06:18:01.799Z] <<< [apiv2][body] GET https://serviceusage.googleapis.com/v1/projects/bazarge-95f65/services/firebaseapphosting.googleapis.com [omitted]
[debug] [2025-10-24T06:18:01.819Z] <<< [apiv2][status] GET https://serviceusage.googleapis.com/v1/projects/bazarge-95f65/services/firebasedataconnect.googleapis.com 200
[debug] [2025-10-24T06:18:01.820Z] <<< [apiv2][body] GET https://serviceusage.googleapis.com/v1/projects/bazarge-95f65/services/firebasedataconnect.googleapis.com [omitted]
[debug] [2025-10-24T06:18:01.830Z] <<< [apiv2][status] GET https://serviceusage.googleapis.com/v1/projects/bazarge-95f65/services/cloudfunctions.googleapis.com 200
[debug] [2025-10-24T06:18:01.831Z] <<< [apiv2][body] GET https://serviceusage.googleapis.com/v1/projects/bazarge-95f65/services/cloudfunctions.googleapis.com [omitted]
[error] Failed to fetch Firebase Project from Studio Workspace because WORKSPACE_SLUG environment variable is empty
[error] Failed to fetch Firebase Project from Studio Workspace because WORKSPACE_SLUG environment variable is empty
[error] Failed to fetch Firebase Project from Studio Workspace because WORKSPACE_SLUG environment variable is empty
[debug] [2025-10-24T06:18:01.847Z] > command requires scopes: ["email","openid","https://www.googleapis.com/auth/cloudplatformprojects.readonly","https://www.googleapis.com/auth/firebase","https://www.googleapis.com/auth/cloud-platform","https://www.googleapis.com/auth/userinfo.email"]
[debug] [2025-10-24T06:18:01.848Z] > authorizing via signed-in user (sat.open.world@gmail.com)
[error] Failed to fetch Firebase Project from Studio Workspace because WORKSPACE_SLUG environment variable is empty
[debug] [2025-10-24T06:18:01.854Z] > command requires scopes: ["email","openid","https://www.googleapis.com/auth/cloudplatformprojects.readonly","https://www.googleapis.com/auth/firebase","https://www.googleapis.com/auth/cloud-platform","https://www.googleapis.com/auth/userinfo.email"]
[debug] [2025-10-24T06:18:01.856Z] > authorizing via signed-in user (sat.open.world@gmail.com)
[debug] [2025-10-24T06:18:01.878Z] <<< [apiv2][status] GET https://serviceusage.googleapis.com/v1/projects/bazarge-95f65/services/firebasedataconnect.googleapis.com 200
[debug] [2025-10-24T06:18:01.880Z] <<< [apiv2][body] GET https://serviceusage.googleapis.com/v1/projects/bazarge-95f65/services/firebasedataconnect.googleapis.com [omitted]
[debug] [2025-10-24T06:18:01.903Z] <<< [apiv2][status] GET https://serviceusage.googleapis.com/v1/projects/bazarge-95f65/services/firebaseapphosting.googleapis.com 200
[debug] [2025-10-24T06:18:01.904Z] <<< [apiv2][body] GET https://serviceusage.googleapis.com/v1/projects/bazarge-95f65/services/firebaseapphosting.googleapis.com [omitted]
[debug] [2025-10-24T06:18:01.921Z] <<< [apiv2][status] GET https://serviceusage.googleapis.com/v1/projects/bazarge-95f65/services/cloudfunctions.googleapis.com 200
[debug] [2025-10-24T06:18:01.924Z] <<< [apiv2][body] GET https://serviceusage.googleapis.com/v1/projects/bazarge-95f65/services/cloudfunctions.googleapis.com [omitted]
[error] Failed to fetch Firebase Project from Studio Workspace because WORKSPACE_SLUG environment variable is empty
[error] Failed to fetch Firebase Project from Studio Workspace because WORKSPACE_SLUG environment variable is empty
[error] Failed to fetch Firebase Project from Studio Workspace because WORKSPACE_SLUG environment variable is empty
[error] Failed to fetch Firebase Project from Studio Workspace because WORKSPACE_SLUG environment variable is empty
[error] Failed to fetch Firebase Project from Studio Workspace because WORKSPACE_SLUG environment variable is empty
[error] Failed to fetch Firebase Project from Studio Workspace because WORKSPACE_SLUG environment variable is empty
[debug] [2025-10-24T06:18:01.943Z] > command requires scopes: ["email","openid","https://www.googleapis.com/auth/cloudplatformprojects.readonly","https://www.googleapis.com/auth/firebase","https://www.googleapis.com/auth/cloud-platform","https://www.googleapis.com/auth/userinfo.email"]
[debug] [2025-10-24T06:18:01.943Z] > authorizing via signed-in user (sat.open.world@gmail.com)
[debug] [2025-10-24T06:18:01.943Z] > command requires scopes: ["email","openid","https://www.googleapis.com/auth/cloudplatformprojects.readonly","https://www.googleapis.com/auth/firebase","https://www.googleapis.com/auth/cloud-platform","https://www.googleapis.com/auth/userinfo.email"]
[debug] [2025-10-24T06:18:01.944Z] > authorizing via signed-in user (sat.open.world@gmail.com)
[error] Failed to fetch Firebase Project from Studio Workspace because WORKSPACE_SLUG environment variable is empty
[error] Failed to fetch Firebase Project from Studio Workspace because WORKSPACE_SLUG environment variable is empty
[debug] [2025-10-24T06:18:01.952Z] > command requires scopes: ["email","openid","https://www.googleapis.com/auth/cloudplatformprojects.readonly","https://www.googleapis.com/auth/firebase","https://www.googleapis.com/auth/cloud-platform","https://www.googleapis.com/auth/userinfo.email"]
[debug] [2025-10-24T06:18:01.953Z] > authorizing via signed-in user (sat.open.world@gmail.com)
[debug] [2025-10-24T06:18:01.953Z] > command requires scopes: ["email","openid","https://www.googleapis.com/auth/cloudplatformprojects.readonly","https://www.googleapis.com/auth/firebase","https://www.googleapis.com/auth/cloud-platform","https://www.googleapis.com/auth/userinfo.email"]
[debug] [2025-10-24T06:18:01.954Z] > authorizing via signed-in user (sat.open.world@gmail.com)
[error] Failed to fetch Firebase Project from Studio Workspace because WORKSPACE_SLUG environment variable is empty
[error] Failed to fetch Firebase Project from Studio Workspace because WORKSPACE_SLUG environment variable is empty
[error] Failed to fetch Firebase Project from Studio Workspace because WORKSPACE_SLUG environment variable is empty
[error] Failed to fetch Firebase Project from Studio Workspace because WORKSPACE_SLUG environment variable is empty
[debug] [2025-10-24T06:49:47.212Z] > command requires scopes: ["email","openid","https://www.googleapis.com/auth/cloudplatformprojects.readonly","https://www.googleapis.com/auth/firebase","https://www.googleapis.com/auth/cloud-platform","https://www.googleapis.com/auth/userinfo.email"]
[debug] [2025-10-24T06:49:47.213Z] > authorizing via signed-in user (sat.open.world@gmail.com)
[debug] [2025-10-24T06:49:47.236Z] Checked if tokens are valid: true, expires at: 1761290115710
[debug] [2025-10-24T06:49:47.237Z] Checked if tokens are valid: true, expires at: 1761290115710
[debug] [2025-10-24T06:49:47.240Z] Checked if tokens are valid: true, expires at: 1761290115710
[debug] [2025-10-24T06:49:47.240Z] Checked if tokens are valid: true, expires at: 1761290115710
[debug] [2025-10-24T06:49:47.254Z] Checked if tokens are valid: true, expires at: 1761290115710
[debug] [2025-10-24T06:49:47.254Z] Checked if tokens are valid: true, expires at: 1761290115710
[debug] [2025-10-24T06:49:47.255Z] Checked if tokens are valid: true, expires at: 1761290115710
[debug] [2025-10-24T06:49:47.256Z] Checked if tokens are valid: true, expires at: 1761290115710
[debug] [2025-10-24T06:49:47.256Z] > command requires scopes: ["email","openid","https://www.googleapis.com/auth/cloudplatformprojects.readonly","https://www.googleapis.com/auth/firebase","https://www.googleapis.com/auth/cloud-platform","https://www.googleapis.com/auth/userinfo.email"]
[debug] [2025-10-24T06:49:47.256Z] > authorizing via signed-in user (sat.open.world@gmail.com)
[debug] [2025-10-24T06:49:47.260Z] >>> [apiv2][query] GET https://serviceusage.googleapis.com/v1/projects/bazarge-95f65/services/firebasedataconnect.googleapis.com [none]
[debug] [2025-10-24T06:49:47.261Z] >>> [apiv2][(partial)header] GET https://serviceusage.googleapis.com/v1/projects/bazarge-95f65/services/firebasedataconnect.googleapis.com x-goog-quota-user=projects/bazarge-95f65
[debug] [2025-10-24T06:49:47.333Z] >>> [apiv2][query] GET https://serviceusage.googleapis.com/v1/projects/bazarge-95f65/services/cloudfunctions.googleapis.com [none]
[debug] [2025-10-24T06:49:47.333Z] >>> [apiv2][(partial)header] GET https://serviceusage.googleapis.com/v1/projects/bazarge-95f65/services/cloudfunctions.googleapis.com x-goog-quota-user=projects/bazarge-95f65
[debug] [2025-10-24T06:49:47.337Z] >>> [apiv2][query] GET https://serviceusage.googleapis.com/v1/projects/bazarge-95f65/services/firebaseapphosting.googleapis.com [none]
[debug] [2025-10-24T06:49:47.337Z] >>> [apiv2][(partial)header] GET https://serviceusage.googleapis.com/v1/projects/bazarge-95f65/services/firebaseapphosting.googleapis.com x-goog-quota-user=projects/bazarge-95f65
[debug] [2025-10-24T06:49:47.341Z] >>> [apiv2][query] GET https://serviceusage.googleapis.com/v1/projects/bazarge-95f65/services/firebaseio.com [none]
[debug] [2025-10-24T06:49:47.342Z] >>> [apiv2][(partial)header] GET https://serviceusage.googleapis.com/v1/projects/bazarge-95f65/services/firebaseio.com x-goog-quota-user=projects/bazarge-95f65
[debug] [2025-10-24T06:49:47.348Z] Checked if tokens are valid: true, expires at: 1761290115710
[debug] [2025-10-24T06:49:47.348Z] Checked if tokens are valid: true, expires at: 1761290115710
[debug] [2025-10-24T06:49:47.349Z] Checked if tokens are valid: true, expires at: 1761290115710
[debug] [2025-10-24T06:49:47.349Z] Checked if tokens are valid: true, expires at: 1761290115710
[debug] [2025-10-24T06:49:47.354Z] Checked if tokens are valid: true, expires at: 1761290115710
[debug] [2025-10-24T06:49:47.354Z] Checked if tokens are valid: true, expires at: 1761290115710
[debug] [2025-10-24T06:49:47.356Z] Checked if tokens are valid: true, expires at: 1761290115710
[debug] [2025-10-24T06:49:47.356Z] Checked if tokens are valid: true, expires at: 1761290115710
[debug] [2025-10-24T06:49:47.357Z] >>> [apiv2][query] GET https://serviceusage.googleapis.com/v1/projects/bazarge-95f65/services/firebasedataconnect.googleapis.com [none]
[debug] [2025-10-24T06:49:47.357Z] >>> [apiv2][(partial)header] GET https://serviceusage.googleapis.com/v1/projects/bazarge-95f65/services/firebasedataconnect.googleapis.com x-goog-quota-user=projects/bazarge-95f65
[debug] [2025-10-24T06:49:47.360Z] >>> [apiv2][query] GET https://serviceusage.googleapis.com/v1/projects/bazarge-95f65/services/cloudfunctions.googleapis.com [none]
[debug] [2025-10-24T06:49:47.360Z] >>> [apiv2][(partial)header] GET https://serviceusage.googleapis.com/v1/projects/bazarge-95f65/services/cloudfunctions.googleapis.com x-goog-quota-user=projects/bazarge-95f65
[debug] [2025-10-24T06:49:47.368Z] >>> [apiv2][query] GET https://serviceusage.googleapis.com/v1/projects/bazarge-95f65/services/firebaseapphosting.googleapis.com [none]
[debug] [2025-10-24T06:49:47.368Z] >>> [apiv2][(partial)header] GET https://serviceusage.googleapis.com/v1/projects/bazarge-95f65/services/firebaseapphosting.googleapis.com x-goog-quota-user=projects/bazarge-95f65
[debug] [2025-10-24T06:49:47.374Z] >>> [apiv2][query] GET https://serviceusage.googleapis.com/v1/projects/bazarge-95f65/services/firebaseio.com [none]
[debug] [2025-10-24T06:49:47.374Z] >>> [apiv2][(partial)header] GET https://serviceusage.googleapis.com/v1/projects/bazarge-95f65/services/firebaseio.com x-goog-quota-user=projects/bazarge-95f65
[debug] [2025-10-24T06:49:48.111Z] <<< [apiv2][status] GET https://serviceusage.googleapis.com/v1/projects/bazarge-95f65/services/firebaseio.com 403
[debug] [2025-10-24T06:49:48.114Z] <<< [apiv2][body] GET https://serviceusage.googleapis.com/v1/projects/bazarge-95f65/services/firebaseio.com [omitted]
[debug] [2025-10-24T06:49:48.157Z] <<< [apiv2][status] GET https://serviceusage.googleapis.com/v1/projects/bazarge-95f65/services/firebaseio.com 403
[debug] [2025-10-24T06:49:48.162Z] <<< [apiv2][body] GET https://serviceusage.googleapis.com/v1/projects/bazarge-95f65/services/firebaseio.com [omitted]
[debug] [2025-10-24T06:49:48.226Z] <<< [apiv2][status] GET https://serviceusage.googleapis.com/v1/projects/bazarge-95f65/services/firebasedataconnect.googleapis.com 200
[debug] [2025-10-24T06:49:48.228Z] <<< [apiv2][body] GET https://serviceusage.googleapis.com/v1/projects/bazarge-95f65/services/firebasedataconnect.googleapis.com [omitted]
[debug] [2025-10-24T06:49:48.268Z] <<< [apiv2][status] GET https://serviceusage.googleapis.com/v1/projects/bazarge-95f65/services/cloudfunctions.googleapis.com 200
[debug] [2025-10-24T06:49:48.272Z] <<< [apiv2][body] GET https://serviceusage.googleapis.com/v1/projects/bazarge-95f65/services/cloudfunctions.googleapis.com [omitted]
[debug] [2025-10-24T06:49:48.276Z] <<< [apiv2][status] GET https://serviceusage.googleapis.com/v1/projects/bazarge-95f65/services/cloudfunctions.googleapis.com 200
[debug] [2025-10-24T06:49:48.276Z] <<< [apiv2][body] GET https://serviceusage.googleapis.com/v1/projects/bazarge-95f65/services/cloudfunctions.googleapis.com [omitted]
[debug] [2025-10-24T06:49:48.311Z] <<< [apiv2][status] GET https://serviceusage.googleapis.com/v1/projects/bazarge-95f65/services/firebaseapphosting.googleapis.com 200
[debug] [2025-10-24T06:49:48.315Z] <<< [apiv2][body] GET https://serviceusage.googleapis.com/v1/projects/bazarge-95f65/services/firebaseapphosting.googleapis.com [omitted]
[error] Failed to fetch Firebase Project from Studio Workspace because WORKSPACE_SLUG environment variable is empty
[error] Failed to fetch Firebase Project from Studio Workspace because WORKSPACE_SLUG environment variable is empty
[error] Failed to fetch Firebase Project from Studio Workspace because WORKSPACE_SLUG environment variable is empty
[debug] [2025-10-24T06:49:48.337Z] > command requires scopes: ["email","openid","https://www.googleapis.com/auth/cloudplatformprojects.readonly","https://www.googleapis.com/auth/firebase","https://www.googleapis.com/auth/cloud-platform","https://www.googleapis.com/auth/userinfo.email"]
[debug] [2025-10-24T06:49:48.337Z] > authorizing via signed-in user (sat.open.world@gmail.com)
[error] Failed to fetch Firebase Project from Studio Workspace because WORKSPACE_SLUG environment variable is empty
[debug] [2025-10-24T06:49:48.345Z] > command requires scopes: ["email","openid","https://www.googleapis.com/auth/cloudplatformprojects.readonly","https://www.googleapis.com/auth/firebase","https://www.googleapis.com/auth/cloud-platform","https://www.googleapis.com/auth/userinfo.email"]
[debug] [2025-10-24T06:49:48.346Z] > authorizing via signed-in user (sat.open.world@gmail.com)
[debug] [2025-10-24T06:49:48.350Z] <<< [apiv2][status] GET https://serviceusage.googleapis.com/v1/projects/bazarge-95f65/services/firebasedataconnect.googleapis.com 200
[debug] [2025-10-24T06:49:48.350Z] <<< [apiv2][body] GET https://serviceusage.googleapis.com/v1/projects/bazarge-95f65/services/firebasedataconnect.googleapis.com [omitted]
[debug] [2025-10-24T06:49:48.359Z] <<< [apiv2][status] GET https://serviceusage.googleapis.com/v1/projects/bazarge-95f65/services/firebaseapphosting.googleapis.com 200
[debug] [2025-10-24T06:49:48.359Z] <<< [apiv2][body] GET https://serviceusage.googleapis.com/v1/projects/bazarge-95f65/services/firebaseapphosting.googleapis.com [omitted]
[error] Failed to fetch Firebase Project from Studio Workspace because WORKSPACE_SLUG environment variable is empty
[error] Failed to fetch Firebase Project from Studio Workspace because WORKSPACE_SLUG environment variable is empty
[error] Failed to fetch Firebase Project from Studio Workspace because WORKSPACE_SLUG environment variable is empty
[debug] [2025-10-24T06:49:48.402Z] > command requires scopes: ["email","openid","https://www.googleapis.com/auth/cloudplatformprojects.readonly","https://www.googleapis.com/auth/firebase","https://www.googleapis.com/auth/cloud-platform","https://www.googleapis.com/auth/userinfo.email"]
[debug] [2025-10-24T06:49:48.402Z] > authorizing via signed-in user (sat.open.world@gmail.com)
[error] Failed to fetch Firebase Project from Studio Workspace because WORKSPACE_SLUG environment variable is empty
[debug] [2025-10-24T06:49:48.416Z] > command requires scopes: ["email","openid","https://www.googleapis.com/auth/cloudplatformprojects.readonly","https://www.googleapis.com/auth/firebase","https://www.googleapis.com/auth/cloud-platform","https://www.googleapis.com/auth/userinfo.email"]
[debug] [2025-10-24T06:49:48.416Z] > authorizing via signed-in user (sat.open.world@gmail.com)
[error] Failed to fetch Firebase Project from Studio Workspace because WORKSPACE_SLUG environment variable is empty
[error] Failed to fetch Firebase Project from Studio Workspace because WORKSPACE_SLUG environment variable is empty
[error] Failed to fetch Firebase Project from Studio Workspace because WORKSPACE_SLUG environment variable is empty
[debug] [2025-10-24T06:49:48.436Z] > command requires scopes: ["email","openid","https://www.googleapis.com/auth/cloudplatformprojects.readonly","https://www.googleapis.com/auth/firebase","https://www.googleapis.com/auth/cloud-platform","https://www.googleapis.com/auth/userinfo.email"]
[debug] [2025-10-24T06:49:48.436Z] > authorizing via signed-in user (sat.open.world@gmail.com)
[error] Failed to fetch Firebase Project from Studio Workspace because WORKSPACE_SLUG environment variable is empty
[debug] [2025-10-24T06:49:48.444Z] > command requires scopes: ["email","openid","https://www.googleapis.com/auth/cloudplatformprojects.readonly","https://www.googleapis.com/auth/firebase","https://www.googleapis.com/auth/cloud-platform","https://www.googleapis.com/auth/userinfo.email"]
[debug] [2025-10-24T06:49:48.444Z] > authorizing via signed-in user (sat.open.world@gmail.com)
